Date             Time Atm_Temperature Atm_Rel_Humidity   Atm_Pressure Atm_Wind_Speed  Atm_Wind_Gust   Atm_Wind_Dir
20230309     15:16:01            4.8         28.025         835.15          7.508           9.82        249.175
20230309     15:16:51            4.9          28.35        835.225          5.735           8.27          186.9
20230309     15:17:16            4.9          28.15        835.175          4.818           7.08        248.525
20230309     15:17:42            4.9          27.65        835.125          5.148           6.94         227.25
20230309     15:18:07            4.9         27.025        835.075           5.16           7.17        224.925
20230309     15:18:33            4.9          27.25        835.125          3.345           5.02        260.825
20230309     15:18:58            4.9           28.1          835.2           2.49           5.28         147.35
20230309     15:19:23            5.0         28.125          835.2          4.012           5.79         253.95
20230309     15:19:49            5.0         27.525        835.125          4.192            5.6        257.975
20230309     15:20:14            5.0          27.75         835.15           5.27           6.47         247.85
20230309     15:20:40            5.0           27.7          835.0          9.205          11.24        248.625
20230309     15:21:05            5.0           27.0          835.1          6.773           7.79        245.225
20230309     15:21:30            5.0         27.425          835.1          6.248           8.23         237.35
20230309     15:21:56            5.0         27.875          835.2          3.137           4.11          232.6
20230309     15:22:21            5.0         28.175          835.1          5.572           6.52        255.875
20230309     15:22:46            5.0          28.05        834.975          5.295           8.86        254.975
20230309     15:23:37            5.0         27.975          835.0          7.087           9.09        179.075
20230309     15:24:03            5.0         27.625        834.825          9.675          12.29         224.25
20230309     15:24:28            5.0          27.55         834.45         11.065          13.84        248.975
20230309     15:24:53          4.925         27.225        834.825          9.548          13.82          234.5
20230309     15:25:44            4.9          27.15        834.825         13.015          16.86        244.925
20230309     15:26:10            4.9          26.95        834.825         10.275          12.18        217.375
20230309     15:26:35            4.9           27.7        834.825          6.475           9.76        223.725
20230309     15:27:00            4.9          28.05          834.9          7.298           9.97        239.875
20230309     15:27:26            4.9           27.8         834.85          9.468           9.97          248.5
20230309     15:27:51            4.9         28.275        834.975          6.187           9.45        226.975
20230309     15:28:17            4.9           28.1        834.925          8.895          10.62        234.575
20230309     15:28:42            4.9         27.925        834.925          6.878           8.72          252.7
20230309     15:29:07            4.9           28.2        835.075            5.1           6.99          247.1
20230309     15:29:33            5.0         28.175        835.125          3.445           7.41        242.225
20230309     15:29:58          4.975         28.125        835.025          8.062          11.15          237.9
20230309     15:30:24            5.0          27.95        834.975           7.94           9.53          240.8
20230309     15:30:49            5.0         28.175          834.9          5.132           7.29         254.65
20230309     15:31:14            5.0         28.725        835.025          5.142           7.38        223.425
20230309     15:31:40            5.0         29.125        835.025          6.232            8.2         242.55
20230309     15:32:05            5.0           28.2          835.1          5.685           6.71         229.35
20230309     15:32:31          5.025          28.55        835.075          5.905           8.94        242.925
20230309     15:32:56           5.05          28.05          835.0            7.1           8.59          265.5
20230309     15:33:21           5.05           27.2        834.825           9.28          12.74          258.7
20230309     15:33:47          5.025         27.525          835.0          6.205           8.11        240.375
20230309     15:34:12          5.075          28.35          835.0          3.552           5.59        203.625
20230309     15:34:37            5.1          28.05        835.075          6.555           8.27        255.075
20230309     15:35:03            5.1         28.025         834.85          4.295           6.39        248.375
20230309     15:35:28            5.1           28.0        834.875          6.502           7.55        253.175
20230309     15:35:54            5.1         28.575         834.95          4.635           7.14         240.65
20230309     15:36:19            5.1           28.7         834.95          9.262          11.01         257.55
20230309     15:36:44            5.2         28.175        834.975          2.325           3.29         315.55
