Measurement_Time Filename     SNR_RMS      Peak_Amplitude Pre_Amp_Gain Signal_Gain  Ext E Rad    Ext E RadS   Ext W Rad    Ext E Rads  
17:25:15.730     saifml1a.0   401.785 26173        Ref          x1           1.091        1.114        0.735        0.449       
17:30:27.967     s6hfml1a.0   708.295 24900        A            x2           1.109        1.134        0.739        0.452       
17:39:19.509     s9ifml1a.0   338.506 -24840       Ref          x2           1.102        1.135        0.740        0.456       
17:44:14.026     s5ifml1a.0   700.894 -19308       A            x2           1.108        1.139        0.744        0.456       
17:49:14.141     s4ifml1a.0   1466.303 -28637       Ref          x1           1.099        1.135        0.744        0.454       
17:54:23.923     s6hfml1a.1   708.402 26014        A            x2           1.103        1.131        0.748        0.455       
18:03:06.342     s3ifml1a.0   525.639 29860        Ref          x2           1.103        1.132        0.751        0.457       
18:08:11.756     s2ifml1a.0   819.750 15631        Ref          x1           1.104        1.134        0.754        0.457       
18:12:53.289     s1ifml1a.0   562.323 20880        A            x1           1.100        1.130        0.752        0.458       
18:18:01.461     sbifml1a.1   988.714 -24112       Ref          x16          1.101        1.131        0.752        0.459       
18:47:47.915     s6hfml1a.2   716.910 26952        A            x2           1.098        1.129        0.799        0.499       
18:56:21.907     s1ifml1a.1   609.965 20598        A            x1           1.099        1.129        0.816        0.518       
19:01:09.686     s2ifml1a.1   879.830 14981        Ref          x1           1.095        1.127        0.822        0.529       
19:06:11.976     s3ifml1a.1   534.503 28024        Ref          x2           1.093        1.122        0.835        0.548       
19:11:21.519     s6hfml1a.3   697.937 26198        A            x2           1.085        1.117        0.864        0.585       
19:20:07.671     s4ifml1a.1   1465.932 29506        Ref          x1           1.079        1.113        0.876        0.596       
19:25:12.790     s5ifml1a.1   695.778 -22300       A            x2           1.068        1.106        0.898        0.613       
19:30:11.142     s9ifml1a.1   365.889 -26078       Ref          x2           1.083        1.117        0.925        0.639       
19:35:17.078     saifml1a.1   356.849 29554        Ref          x1           1.079        1.115        0.940        0.656       
19:40:12.466     sbifml1a.2   1862.740 -24464       Ref          x16          1.080        1.119        0.953        0.672       
19:45:21.326     s6hfml1a.4   486.717 25016        A            x2           1.369        2.030        1.122        1.614       
