Sun, 13 Oct 2024 19:12:47 INFO     **************** Starting ckpyReset.py ***********************
Sun, 13 Oct 2024 19:20:30 INFO     **************** Starting ckpyReset.py ***********************
Sun, 13 Oct 2024 19:44:25 INFO     **************** Starting ckpyReset.py ***********************
Mon, 14 Oct 2024 14:19:24 INFO     **************** Starting ckpyReset.py ***********************
Mon, 14 Oct 2024 14:33:06 INFO     **************** Starting ckpyReset.py ***********************
Mon, 14 Oct 2024 21:05:56 INFO     **************** Starting ckpyReset.py ***********************
Tue, 15 Oct 2024 14:09:28 INFO     **************** Starting ckpyReset.py ***********************
Thu, 17 Oct 2024 23:07:27 INFO     **************** Starting ckpyReset.py ***********************
Fri, 18 Oct 2024 00:42:16 INFO     **************** Starting ckpyReset.py ***********************
Fri, 18 Oct 2024 15:01:15 INFO     **************** Starting ckpyReset.py ***********************
Fri, 18 Oct 2024 15:10:38 INFO     **************** Starting ckpyReset.py ***********************
Fri, 18 Oct 2024 16:49:27 INFO     **************** Starting ckpyReset.py ***********************
Mon, 28 Oct 2024 17:36:30 INFO     **************** Starting ckpyReset.py ***********************
Mon, 11 Nov 2024 16:39:31 INFO     **************** Starting ckpyReset.py ***********************
Tue, 12 Nov 2024 15:25:49 INFO     **************** Starting ckpyReset.py ***********************
Mon, 18 Nov 2024 15:48:49 INFO     **************** Starting ckpyReset.py ***********************
Wed, 20 Nov 2024 16:21:25 INFO     **************** Starting ckpyReset.py ***********************
Thu, 21 Nov 2024 20:31:54 INFO     **************** Starting ckpyReset.py ***********************
Thu, 21 Nov 2024 20:33:15 INFO     **************** Starting ckpyReset.py ***********************
Thu, 21 Nov 2024 20:35:52 INFO     **************** Starting ckpyReset.py ***********************
Sat, 30 Nov 2024 16:20:19 INFO     **************** Starting ckpyReset.py ***********************
Sat, 30 Nov 2024 20:04:48 INFO     **************** Starting ckpyReset.py ***********************
Sun, 01 Dec 2024 16:34:36 INFO     **************** Starting ckpyReset.py ***********************
Mon, 02 Dec 2024 16:49:12 INFO     **************** Starting ckpyReset.py ***********************
Mon, 02 Dec 2024 16:54:13 INFO     Bruker EWS is not responding
Tue, 03 Dec 2024 16:51:01 INFO     **************** Starting ckpyReset.py ***********************
Tue, 03 Dec 2024 16:56:02 INFO     Bruker EWS is not responding
Wed, 04 Dec 2024 03:15:42 INFO     Bruker EWS is not responding
Thu, 05 Dec 2024 03:15:35 INFO     Bruker EWS is not responding
Fri, 06 Dec 2024 03:15:31 INFO     Bruker EWS is not responding
Wed, 11 Dec 2024 17:23:17 INFO     **************** Starting ckpyReset.py ***********************
Wed, 11 Dec 2024 18:13:53 INFO     **************** Starting ckpyReset.py ***********************
Wed, 11 Dec 2024 18:31:57 INFO     **************** Starting ckpyReset.py ***********************
Wed, 11 Dec 2024 18:51:37 INFO     **************** Starting ckpyReset.py ***********************
Wed, 11 Dec 2024 18:57:04 INFO     **************** Starting ckpyReset.py ***********************
Wed, 11 Dec 2024 19:03:54 INFO     **************** Starting ckpyReset.py ***********************
Wed, 11 Dec 2024 19:33:24 INFO     **************** Starting ckpyReset.py ***********************
Wed, 11 Dec 2024 21:09:29 INFO     **************** Starting ckpyReset.py ***********************
Thu, 12 Dec 2024 18:08:26 INFO     **************** Starting ckpyReset.py ***********************
Thu, 12 Dec 2024 18:10:06 INFO     **************** Starting ckpyReset.py ***********************
Thu, 12 Dec 2024 18:11:37 INFO     **************** Starting ckpyReset.py ***********************
